<?xml version="1.0" encoding="utf-8"?><testsuites name="pytest tests"><testsuite name="pytest" errors="0" failures="0" skipped="0" tests="11" time="4.642" timestamp="2026-07-03T22:31:28.090318+00:00" hostname="agent-env-f95d165f-6cb4-4be2-8a09-3519aac245b6"><testcase classname="tests.test_admin_role" name="test_register_returns_physician_role" time="0.541" /><testcase classname="tests.test_admin_role" name="test_login_admin_returns_admin_role" time="0.393" /><testcase classname="tests.test_admin_role" name="test_login_physician_returns_physician_role" time="0.770" /><testcase classname="tests.test_admin_role" name="test_physician_forbidden_admin_overview" time="0.464" /><testcase classname="tests.test_admin_role" name="test_physician_forbidden_admin_users" time="0.453" /><testcase classname="tests.test_admin_role" name="test_physician_forbidden_admin_grant_credits" time="0.434" /><testcase classname="tests.test_admin_role" name="test_admin_endpoints_require_auth" time="0.293" /><testcase classname="tests.test_admin_role" name="test_admin_overview_shape" time="0.058" /><testcase classname="tests.test_admin_role" name="test_admin_users_list_shape" time="0.054" /><testcase classname="tests.test_admin_role" name="test_admin_grant_credits_increases_balance" time="0.543" /><testcase classname="tests.test_admin_role" name="test_admin_grant_credits_unknown_user" time="0.072" /></testsuite></testsuites>