<?xml version="1.0" encoding="utf-8"?><testsuites name="pytest tests"><testsuite name="pytest" errors="0" failures="0" skipped="0" tests="15" time="20.778" timestamp="2026-07-04T21:33:37.915891+00:00" hostname="agent-env-f95d165f-6cb4-4be2-8a09-3519aac245b6"><testcase classname="backend.tests.test_supabase_migration.TestPublic" name="test_reference_public" time="0.153" /><testcase classname="backend.tests.test_supabase_migration.TestPublic" name="test_protected_no_token_returns_401[/auth/me]" time="0.096" /><testcase classname="backend.tests.test_supabase_migration.TestPublic" name="test_protected_no_token_returns_401[/stats]" time="0.108" /><testcase classname="backend.tests.test_supabase_migration.TestPublic" name="test_profile_put_no_token_returns_401" time="0.101" /><testcase classname="backend.tests.test_supabase_migration.TestPublic" name="test_invalid_token_returns_401" time="0.889" /><testcase classname="backend.tests.test_supabase_migration.TestAuthMe" name="test_admin_me" time="1.500" /><testcase classname="backend.tests.test_supabase_migration.TestAuthMe" name="test_physician_me" time="1.002" /><testcase classname="backend.tests.test_supabase_migration.TestRoleSeparation" name="test_physician_admin_overview_forbidden" time="0.600" /><testcase classname="backend.tests.test_supabase_migration.TestRoleSeparation" name="test_physician_admin_users_forbidden" time="0.613" /><testcase classname="backend.tests.test_supabase_migration.TestRoleSeparation" name="test_admin_overview_ok" time="2.301" /><testcase classname="backend.tests.test_supabase_migration.TestRoleSeparation" name="test_admin_users_ok" time="2.624" /><testcase classname="backend.tests.test_supabase_migration.TestStatsProfile" name="test_stats" time="1.812" /><testcase classname="backend.tests.test_supabase_migration.TestStatsProfile" name="test_profile_update_persists" time="1.795" /><testcase classname="backend.tests.test_supabase_migration.TestBilling" name="test_mock_purchase_increases_credits" time="2.665" /><testcase classname="backend.tests.test_supabase_migration.TestAdminGrant" name="test_admin_grant_credits" time="4.444" /></testsuite></testsuites>